<?xml version="1.0" encoding="UTF-8"?>
<coverage generated="1642692345273" clover="3.2.0">
  <project timestamp="1642692345273" name="All files">
    <metrics statements="29" coveredstatements="25" conditionals="8" coveredconditionals="6" methods="7" coveredmethods="3" elements="44" coveredelements="34" complexity="0" loc="29" ncloc="29" packages="3" files="3" classes="3"/>
    <package name="assets.img">
      <metrics statements="1" coveredstatements="1" conditionals="0" coveredconditionals="0" methods="0" coveredmethods="0"/>
      <file name="logo_b.png" path="C:\laragon\www\BCS-demo\src\assets\img\logo_b.png">
        <metrics statements="1" coveredstatements="1" conditionals="0" coveredconditionals="0" methods="0" coveredmethods="0"/>
        <line num="1" count="1" type="stmt"/>
      </file>
    </package>
    <package name="components">
      <metrics statements="1" coveredstatements="1" conditionals="0" coveredconditionals="0" methods="0" coveredmethods="0"/>
      <file name="HelloWorld.vue" path="C:\laragon\www\BCS-demo\src\components\HelloWorld.vue">
        <metrics statements="1" coveredstatements="1" conditionals="0" coveredconditionals="0" methods="0" coveredmethods="0"/>
        <line num="39" count="1" type="stmt"/>
      </file>
    </package>
    <package name="views">
      <metrics statements="27" coveredstatements="23" conditionals="8" coveredconditionals="6" methods="7" coveredmethods="3"/>
      <file name="Login.vue" path="C:\laragon\www\BCS-demo\src\views\Login.vue">
        <metrics statements="27" coveredstatements="23" conditionals="8" coveredconditionals="6" methods="7" coveredmethods="3"/>
        <line num="3" count="1" type="stmt"/>
        <line num="6" count="1" type="stmt"/>
        <line num="7" count="1" type="stmt"/>
        <line num="11" count="1" type="stmt"/>
        <line num="21" count="1" type="stmt"/>
        <line num="26" count="0" type="stmt"/>
        <line num="33" count="1" type="stmt"/>
        <line num="34" count="1" type="stmt"/>
        <line num="36" count="1" type="stmt"/>
        <line num="38" count="1" type="stmt"/>
        <line num="41" count="1" type="stmt"/>
        <line num="43" count="1" type="stmt"/>
        <line num="45" count="1" type="stmt"/>
        <line num="47" count="1" type="stmt"/>
        <line num="54" count="1" type="stmt"/>
        <line num="58" count="1" type="stmt"/>
        <line num="60" count="1" type="stmt"/>
        <line num="67" count="1" type="stmt"/>
        <line num="73" count="1" type="stmt"/>
        <line num="77" count="1" type="stmt"/>
        <line num="83" count="1" type="stmt"/>
        <line num="90" count="1" type="stmt"/>
        <line num="97" count="1" type="stmt"/>
        <line num="99" count="0" type="cond" truecount="2" falsecount="2"/>
        <line num="105" count="0" type="cond" truecount="2" falsecount="0"/>
        <line num="113" count="0" type="cond" truecount="2" falsecount="0"/>
        <line num="119" count="1" type="stmt"/>
      </file>
    </package>
  </project>
</coverage>
