{"C:\\laragon\\www\\BCS-demo\\src\\assets\\img\\logo_b.png": {"data":{"path":"C:\\laragon\\www\\BCS-demo\\src\\assets\\img\\logo_b.png","statementMap":{"0":{"start":{"line":1,"column":0},"end":{"line":1,"column":19}}},"fnMap":{},"branchMap":{},"s":{"0":1},"f":{},"b":{},"_coverageSchema":"43e27e138ebf9cfc5966b082cf9a028302ed4184","hash":"4ecd69ff3d57650d47a3d6a7ebfbec01c54efb55"}}
,"C:\\laragon\\www\\BCS-demo\\src\\components\\HelloWorld.vue": {"path":"C:\\laragon\\www\\BCS-demo\\src\\components\\HelloWorld.vue","statementMap":{"0":{"start":{"line":39,"column":15},"end":{"line":39,"column":null}}},"fnMap":{},"branchMap":{},"s":{"0":1},"f":{},"b":{}}
,"C:\\laragon\\www\\BCS-demo\\src\\views\\Login.vue": {"data":{"path":"C:\\laragon\\www\\BCS-demo\\src\\views\\Login.vue","statementMap":{"0":{"start":{"line":3,"column":0},"end":{"line":5,"column":3}},"1":{"start":{"line":6,"column":0},"end":{"line":6,"column":25}},"2":{"start":{"line":7,"column":15},"end":{"line":32,"column":1}},"3":{"start":{"line":11,"column":4},"end":{"line":17,"column":6}},"4":{"start":{"line":21,"column":4},"end":{"line":21,"column":104}},"5":{"start":{"line":26,"column":6},"end":{"line":28,"column":9}},"6":{"start":{"line":33,"column":0},"end":{"line":33,"column":27}},"7":{"start":{"line":34,"column":0},"end":{"line":34,"column":13}},"8":{"start":{"line":36,"column":29},"end":{"line":36,"column":140}},"9":{"start":{"line":38,"column":0},"end":{"line":40,"column":3}},"10":{"start":{"line":41,"column":0},"end":{"line":41,"column":24}},"11":{"start":{"line":43,"column":11},"end":{"line":43,"column":25}},"12":{"start":{"line":45,"column":14},"end":{"line":45,"column":73}},"13":{"start":{"line":47,"column":19},"end":{"line":53,"column":1}},"14":{"start":{"line":54,"column":19},"end":{"line":56,"column":1}},"15":{"start":{"line":58,"column":32},"end":{"line":58,"column":730}},"16":{"start":{"line":60,"column":19},"end":{"line":65,"column":1}},"17":{"start":{"line":67,"column":32},"end":{"line":71,"column":1}},"18":{"start":{"line":73,"column":19},"end":{"line":75,"column":1}},"19":{"start":{"line":77,"column":32},"end":{"line":81,"column":1}},"20":{"start":{"line":83,"column":32},"end":{"line":88,"column":1}},"21":{"start":{"line":90,"column":33},"end":{"line":94,"column":1}},"22":{"start":{"line":97,"column":2},"end":{"line":118,"column":8}},"23":{"start":{"line":99,"column":77},"end":{"line":99,"column":110}},"24":{"start":{"line":105,"column":63},"end":{"line":105,"column":90}},"25":{"start":{"line":113,"column":63},"end":{"line":113,"column":90}},"26":{"start":{"line":119,"column":2},"end":{"line":119,"column":49}}},"fnMap":{"0":{"name":"(anonymous_0)","decl":{"start":{"line":10,"column":2},"end":{"line":10,"column":3}},"loc":{"start":{"line":10,"column":9},"end":{"line":18,"column":3}},"line":10},"1":{"name":"(anonymous_1)","decl":{"start":{"line":20,"column":2},"end":{"line":20,"column":3}},"loc":{"start":{"line":20,"column":12},"end":{"line":22,"column":3}},"line":20},"2":{"name":"(anonymous_2)","decl":{"start":{"line":25,"column":4},"end":{"line":25,"column":5}},"loc":{"start":{"line":25,"column":18},"end":{"line":29,"column":5}},"line":25},"3":{"name":"render","decl":{"start":{"line":96,"column":9},"end":{"line":96,"column":15}},"loc":{"start":{"line":96,"column":30},"end":{"line":119,"column":1}},"line":96},"4":{"name":"(anonymous_4)","decl":{"start":{"line":99,"column":64},"end":{"line":99,"column":65}},"loc":{"start":{"line":99,"column":77},"end":{"line":99,"column":110}},"line":99},"5":{"name":"(anonymous_5)","decl":{"start":{"line":105,"column":53},"end":{"line":105,"column":54}},"loc":{"start":{"line":105,"column":63},"end":{"line":105,"column":90}},"line":105},"6":{"name":"(anonymous_6)","decl":{"start":{"line":113,"column":53},"end":{"line":113,"column":54}},"loc":{"start":{"line":113,"column":63},"end":{"line":113,"column":90}},"line":113}},"branchMap":{"0":{"loc":{"start":{"line":99,"column":14},"end":{"line":99,"column":125}},"type":"binary-expr","locations":[{"start":{"line":99,"column":14},"end":{"line":99,"column":23}},{"start":{"line":99,"column":28},"end":{"line":99,"column":124}}],"line":99},"1":{"loc":{"start":{"line":99,"column":77},"end":{"line":99,"column":110}},"type":"binary-expr","locations":[{"start":{"line":99,"column":77},"end":{"line":99,"column":87}},{"start":{"line":99,"column":91},"end":{"line":99,"column":110}}],"line":99},"2":{"loc":{"start":{"line":105,"column":27},"end":{"line":105,"column":91}},"type":"binary-expr","locations":[{"start":{"line":105,"column":27},"end":{"line":105,"column":36}},{"start":{"line":105,"column":41},"end":{"line":105,"column":90}}],"line":105},"3":{"loc":{"start":{"line":113,"column":27},"end":{"line":113,"column":91}},"type":"binary-expr","locations":[{"start":{"line":113,"column":27},"end":{"line":113,"column":36}},{"start":{"line":113,"column":41},"end":{"line":113,"column":90}}],"line":113}},"s":{"0":1,"1":1,"2":1,"3":1,"4":1,"5":0,"6":1,"7":1,"8":1,"9":1,"10":1,"11":1,"12":1,"13":1,"14":1,"15":1,"16":1,"17":1,"18":1,"19":1,"20":1,"21":1,"22":1,"23":0,"24":0,"25":0,"26":1},"f":{"0":1,"1":1,"2":0,"3":1,"4":0,"5":0,"6":0},"b":{"0":[1,1],"1":[0,0],"2":[1,1],"3":[1,1]},"_coverageSchema":"43e27e138ebf9cfc5966b082cf9a028302ed4184","hash":"7e70164d234d28f19d854b3e6ddb718a55dfc9d2"}}
}
