TN:
SF:C:\laragon\www\BCS-demo\src\assets\img\logo_b.png
FNF:0
FNH:0
DA:1,1
LF:1
LH:1
BRF:0
BRH:0
end_of_record
TN:
SF:C:\laragon\www\BCS-demo\src\components\HelloWorld.vue
FNF:0
FNH:0
DA:39,1
LF:1
LH:1
BRF:0
BRH:0
end_of_record
TN:
SF:C:\laragon\www\BCS-demo\src\views\Login.vue
FN:10,(anonymous_0)
FN:20,(anonymous_1)
FN:25,(anonymous_2)
FN:96,render
FN:99,(anonymous_4)
FN:105,(anonymous_5)
FN:113,(anonymous_6)
FNF:7
FNH:3
FNDA:1,(anonymous_0)
FNDA:1,(anonymous_1)
FNDA:0,(anonymous_2)
FNDA:1,render
FNDA:0,(anonymous_4)
FNDA:0,(anonymous_5)
FNDA:0,(anonymous_6)
DA:3,1
DA:6,1
DA:7,1
DA:11,1
DA:21,1
DA:26,0
DA:33,1
DA:34,1
DA:36,1
DA:38,1
DA:41,1
DA:43,1
DA:45,1
DA:47,1
DA:54,1
DA:58,1
DA:60,1
DA:67,1
DA:73,1
DA:77,1
DA:83,1
DA:90,1
DA:97,1
DA:99,0
DA:105,0
DA:113,0
DA:119,1
LF:27
LH:23
BRDA:99,0,0,1
BRDA:99,0,1,1
BRDA:99,1,0,0
BRDA:99,1,1,0
BRDA:105,2,0,1
BRDA:105,2,1,1
BRDA:113,3,0,1
BRDA:113,3,1,1
BRF:8
BRH:6
end_of_record
